<?xml version="1.0" encoding="UTF-8"?>
<!-- Generated by org.testng.reporters.JUnitReportReporter -->
<testsuite hostname="cristina" failures="0" tests="2" name="com.herokuapp.Checkboxes" time="8.230" errors="0" timestamp="2023-07-10T19:33:47 EEST" skipped="0">
  <testcase classname="com.herokuapp.Checkboxes" name="uncheckCheckboxesTest" time="3.220"/>
  <testcase classname="com.herokuapp.Checkboxes" name="checkboxTest" time="5.010"/>
</testsuite> <!-- com.herokuapp.Checkboxes -->
