<?xml version="1.0" encoding="UTF-8"?>
<!-- Generated by org.testng.reporters.JUnitReportReporter -->
<testsuite hostname="cristina" failures="0" tests="2" name="com.herokuapp.Dropdown" time="6.652" errors="0" timestamp="2023-07-10T19:33:47 EEST" skipped="0">
  <testcase classname="com.herokuapp.Dropdown" name="dropdownTest2" time="3.179"/>
  <testcase classname="com.herokuapp.Dropdown" name="dropdownTest" time="3.473"/>
</testsuite> <!-- com.herokuapp.Dropdown -->
